<?xml version="1.0" encoding="UTF-8"?>
<testsuite xmlns:xsi="http://www.w3.org/2001/XMLSchema-instance" xsi:noNamespaceSchemaLocation="https://maven.apache.org/surefire/maven-surefire-plugin/xsd/surefire-test-report-3.0.xsd" version="3.0" name="com.hiveapi.AppTest" time="0.025" tests="1" errors="0" skipped="0" failures="0">
  <properties>
    <property name="java.specification.version" value="21"/>
    <property name="sun.jnu.encoding" value="UTF-8"/>
    <property name="java.class.path" value="/home/kilmer/Development/personal/hbase-project/java/target/test-classes:/home/kilmer/Development/personal/hbase-project/java/target/classes:/home/kilmer/.m2/repository/junit/junit/3.8.1/junit-3.8.1.jar:/home/kilmer/.m2/repository/org/apache/hbase/hbase-client/2.5.3/hbase-client-2.5.3.jar:/home/kilmer/.m2/repository/org/apache/hbase/thirdparty/hbase-shaded-protobuf/4.1.4/hbase-shaded-protobuf-4.1.4.jar:/home/kilmer/.m2/repository/org/apache/hbase/hbase-hadoop-compat/2.5.3/hbase-hadoop-compat-2.5.3.jar:/home/kilmer/.m2/repository/org/apache/hbase/hbase-hadoop2-compat/2.5.3/hbase-hadoop2-compat-2.5.3.jar:/home/kilmer/.m2/repository/javax/activation/javax.activation-api/1.2.0/javax.activation-api-1.2.0.jar:/home/kilmer/.m2/repository/org/apache/hbase/hbase-protocol-shaded/2.5.3/hbase-protocol-shaded-2.5.3.jar:/home/kilmer/.m2/repository/javax/annotation/javax.annotation-api/1.2/javax.annotation-api-1.2.jar:/home/kilmer/.m2/repository/org/apache/hbase/hbase-protocol/2.5.3/hbase-protocol-2.5.3.jar:/home/kilmer/.m2/repository/commons-codec/commons-codec/1.15/commons-codec-1.15.jar:/home/kilmer/.m2/repository/commons-io/commons-io/2.11.0/commons-io-2.11.0.jar:/home/kilmer/.m2/repository/org/apache/commons/commons-lang3/3.9/commons-lang3-3.9.jar:/home/kilmer/.m2/repository/org/slf4j/slf4j-api/1.7.33/slf4j-api-1.7.33.jar:/home/kilmer/.m2/repository/org/apache/hbase/thirdparty/hbase-shaded-miscellaneous/4.1.4/hbase-shaded-miscellaneous-4.1.4.jar:/home/kilmer/.m2/repository/com/google/errorprone/error_prone_annotations/2.18.0/error_prone_annotations-2.18.0.jar:/home/kilmer/.m2/repository/com/google/protobuf/protobuf-java/2.5.0/protobuf-java-2.5.0.jar:/home/kilmer/.m2/repository/org/apache/hbase/thirdparty/hbase-shaded-netty/4.1.4/hbase-shaded-netty-4.1.4.jar:/home/kilmer/.m2/repository/org/apache/zookeeper/zookeeper/3.5.7/zookeeper-3.5.7.jar:/home/kilmer/.m2/repository/org/apache/zookeeper/zookeeper-jute/3.5.7/zookeeper-jute-3.5.7.jar:/home/kilmer/.m2/repository/io/netty/netty-handler/4.1.45.Final/netty-handler-4.1.45.Final.jar:/home/kilmer/.m2/repository/io/netty/netty-common/4.1.45.Final/netty-common-4.1.45.Final.jar:/home/kilmer/.m2/repository/io/netty/netty-buffer/4.1.45.Final/netty-buffer-4.1.45.Final.jar:/home/kilmer/.m2/repository/io/netty/netty-transport/4.1.45.Final/netty-transport-4.1.45.Final.jar:/home/kilmer/.m2/repository/io/netty/netty-resolver/4.1.45.Final/netty-resolver-4.1.45.Final.jar:/home/kilmer/.m2/repository/io/netty/netty-codec/4.1.45.Final/netty-codec-4.1.45.Final.jar:/home/kilmer/.m2/repository/io/netty/netty-transport-native-epoll/4.1.45.Final/netty-transport-native-epoll-4.1.45.Final.jar:/home/kilmer/.m2/repository/io/netty/netty-transport-native-unix-common/4.1.45.Final/netty-transport-native-unix-common-4.1.45.Final.jar:/home/kilmer/.m2/repository/io/opentelemetry/opentelemetry-api/1.15.0/opentelemetry-api-1.15.0.jar:/home/kilmer/.m2/repository/io/opentelemetry/opentelemetry-context/1.15.0/opentelemetry-context-1.15.0.jar:/home/kilmer/.m2/repository/org/jruby/jcodings/jcodings/1.0.55/jcodings-1.0.55.jar:/home/kilmer/.m2/repository/org/jruby/joni/joni/2.1.31/joni-2.1.31.jar:/home/kilmer/.m2/repository/io/dropwizard/metrics/metrics-core/3.2.6/metrics-core-3.2.6.jar:/home/kilmer/.m2/repository/org/apache/commons/commons-crypto/1.1.0/commons-crypto-1.1.0.jar:/home/kilmer/.m2/repository/org/apache/yetus/audience-annotations/0.13.0/audience-annotations-0.13.0.jar:/home/kilmer/.m2/repository/org/apache/hadoop/hadoop-auth/2.10.2/hadoop-auth-2.10.2.jar:/home/kilmer/.m2/repository/org/apache/httpcomponents/httpclient/4.5.13/httpclient-4.5.13.jar:/home/kilmer/.m2/repository/org/apache/httpcomponents/httpcore/4.4.13/httpcore-4.4.13.jar:/home/kilmer/.m2/repository/com/nimbusds/nimbus-jose-jwt/7.9/nimbus-jose-jwt-7.9.jar:/home/kilmer/.m2/repository/com/github/stephenc/jcip/jcip-annotations/1.0-1/jcip-annotations-1.0-1.jar:/home/kilmer/.m2/repository/org/apache/directory/server/apacheds-kerberos-codec/2.0.0-M15/apacheds-kerberos-codec-2.0.0-M15.jar:/home/kilmer/.m2/repository/org/apache/directory/server/apacheds-i18n/2.0.0-M15/apacheds-i18n-2.0.0-M15.jar:/home/kilmer/.m2/repository/org/apache/directory/api/api-asn1-api/1.0.0-M20/api-asn1-api-1.0.0-M20.jar:/home/kilmer/.m2/repository/org/apache/directory/api/api-util/1.0.0-M20/api-util-1.0.0-M20.jar:/home/kilmer/.m2/repository/org/apache/curator/curator-framework/2.13.0/curator-framework-2.13.0.jar:/home/kilmer/.m2/repository/org/apache/hadoop/hadoop-common/2.10.2/hadoop-common-2.10.2.jar:/home/kilmer/.m2/repository/com/google/guava/guava/11.0.2/guava-11.0.2.jar:/home/kilmer/.m2/repository/commons-cli/commons-cli/1.2/commons-cli-1.2.jar:/home/kilmer/.m2/repository/xmlenc/xmlenc/0.52/xmlenc-0.52.jar:/home/kilmer/.m2/repository/commons-net/commons-net/3.1/commons-net-3.1.jar:/home/kilmer/.m2/repository/commons-collections/commons-collections/3.2.2/commons-collections-3.2.2.jar:/home/kilmer/.m2/repository/org/mortbay/jetty/jetty-sslengine/6.1.26/jetty-sslengine-6.1.26.jar:/home/kilmer/.m2/repository/commons-logging/commons-logging/1.1.3/commons-logging-1.1.3.jar:/home/kilmer/.m2/repository/ch/qos/reload4j/reload4j/1.2.18.3/reload4j-1.2.18.3.jar:/home/kilmer/.m2/repository/commons-lang/commons-lang/2.6/commons-lang-2.6.jar:/home/kilmer/.m2/repository/commons-configuration/commons-configuration/1.6/commons-configuration-1.6.jar:/home/kilmer/.m2/repository/commons-digester/commons-digester/1.8/commons-digester-1.8.jar:/home/kilmer/.m2/repository/commons-beanutils/commons-beanutils/1.9.4/commons-beanutils-1.9.4.jar:/home/kilmer/.m2/repository/org/slf4j/slf4j-reload4j/1.7.36/slf4j-reload4j-1.7.36.jar:/home/kilmer/.m2/repository/org/codehaus/jackson/jackson-core-asl/1.9.13/jackson-core-asl-1.9.13.jar:/home/kilmer/.m2/repository/org/codehaus/jackson/jackson-mapper-asl/1.9.13/jackson-mapper-asl-1.9.13.jar:/home/kilmer/.m2/repository/org/apache/avro/avro/1.7.7/avro-1.7.7.jar:/home/kilmer/.m2/repository/com/thoughtworks/paranamer/paranamer/2.3/paranamer-2.3.jar:/home/kilmer/.m2/repository/org/xerial/snappy/snappy-java/1.0.5/snappy-java-1.0.5.jar:/home/kilmer/.m2/repository/com/google/code/gson/gson/2.2.4/gson-2.2.4.jar:/home/kilmer/.m2/repository/com/jcraft/jsch/0.1.55/jsch-0.1.55.jar:/home/kilmer/.m2/repository/org/apache/curator/curator-client/2.13.0/curator-client-2.13.0.jar:/home/kilmer/.m2/repository/org/apache/curator/curator-recipes/2.13.0/curator-recipes-2.13.0.jar:/home/kilmer/.m2/repository/com/google/code/findbugs/jsr305/3.0.2/jsr305-3.0.2.jar:/home/kilmer/.m2/repository/org/apache/htrace/htrace-core4/4.1.0-incubating/htrace-core4-4.1.0-incubating.jar:/home/kilmer/.m2/repository/org/apache/commons/commons-compress/1.21/commons-compress-1.21.jar:/home/kilmer/.m2/repository/org/codehaus/woodstox/stax2-api/4.2.1/stax2-api-4.2.1.jar:/home/kilmer/.m2/repository/com/fasterxml/woodstox/woodstox-core/5.3.0/woodstox-core-5.3.0.jar:/home/kilmer/.m2/repository/org/apache/hbase/hbase-common/2.5.3/hbase-common-2.5.3.jar:/home/kilmer/.m2/repository/org/apache/hbase/hbase-logging/2.5.3/hbase-logging-2.5.3.jar:/home/kilmer/.m2/repository/org/apache/hbase/thirdparty/hbase-shaded-gson/4.1.4/hbase-shaded-gson-4.1.4.jar:/home/kilmer/.m2/repository/org/apache/hbase/thirdparty/hbase-unsafe/4.1.4/hbase-unsafe-4.1.4.jar:/home/kilmer/.m2/repository/io/opentelemetry/opentelemetry-semconv/1.15.0-alpha/opentelemetry-semconv-1.15.0-alpha.jar:/home/kilmer/.m2/repository/org/apache/hbase/hbase-server/2.5.3/hbase-server-2.5.3.jar:/home/kilmer/.m2/repository/org/apache/hbase/hbase-http/2.5.3/hbase-http-2.5.3.jar:/home/kilmer/.m2/repository/org/apache/hbase/thirdparty/hbase-shaded-jetty/4.1.4/hbase-shaded-jetty-4.1.4.jar:/home/kilmer/.m2/repository/org/apache/hbase/thirdparty/hbase-shaded-jersey/4.1.4/hbase-shaded-jersey-4.1.4.jar:/home/kilmer/.m2/repository/jakarta/annotation/jakarta.annotation-api/1.3.5/jakarta.annotation-api-1.3.5.jar:/home/kilmer/.m2/repository/jakarta/validation/jakarta.validation-api/2.0.2/jakarta.validation-api-2.0.2.jar:/home/kilmer/.m2/repository/org/glassfish/hk2/external/jakarta.inject/2.6.1/jakarta.inject-2.6.1.jar:/home/kilmer/.m2/repository/org/javassist/javassist/3.25.0-GA/javassist-3.25.0-GA.jar:/home/kilmer/.m2/repository/javax/ws/rs/javax.ws.rs-api/2.1.1/javax.ws.rs-api-2.1.1.jar:/home/kilmer/.m2/repository/javax/xml/bind/jaxb-api/2.3.1/jaxb-api-2.3.1.jar:/home/kilmer/.m2/repository/org/apache/hbase/hbase-procedure/2.5.3/hbase-procedure-2.5.3.jar:/home/kilmer/.m2/repository/org/apache/hbase/hbase-zookeeper/2.5.3/hbase-zookeeper-2.5.3.jar:/home/kilmer/.m2/repository/org/apache/hbase/hbase-replication/2.5.3/hbase-replication-2.5.3.jar:/home/kilmer/.m2/repository/org/apache/hbase/hbase-metrics-api/2.5.3/hbase-metrics-api-2.5.3.jar:/home/kilmer/.m2/repository/org/apache/hbase/hbase-metrics/2.5.3/hbase-metrics-2.5.3.jar:/home/kilmer/.m2/repository/org/apache/hbase/hbase-asyncfs/2.5.3/hbase-asyncfs-2.5.3.jar:/home/kilmer/.m2/repository/org/glassfish/web/javax.servlet.jsp/2.3.2/javax.servlet.jsp-2.3.2.jar:/home/kilmer/.m2/repository/org/glassfish/javax.el/3.0.1-b12/javax.el-3.0.1-b12.jar:/home/kilmer/.m2/repository/javax/servlet/jsp/javax.servlet.jsp-api/2.3.1/javax.servlet.jsp-api-2.3.1.jar:/home/kilmer/.m2/repository/com/github/ben-manes/caffeine/caffeine/2.8.1/caffeine-2.8.1.jar:/home/kilmer/.m2/repository/org/checkerframework/checker-qual/3.1.0/checker-qual-3.1.0.jar:/home/kilmer/.m2/repository/org/agrona/agrona/1.12.0/agrona-1.12.0.jar:/home/kilmer/.m2/repository/org/apache/commons/commons-math3/3.6.1/commons-math3-3.6.1.jar:/home/kilmer/.m2/repository/org/jamon/jamon-runtime/2.4.1/jamon-runtime-2.4.1.jar:/home/kilmer/.m2/repository/javax/servlet/javax.servlet-api/3.1.0/javax.servlet-api-3.1.0.jar:/home/kilmer/.m2/repository/com/lmax/disruptor/3.4.2/disruptor-3.4.2.jar:/home/kilmer/.m2/repository/org/apache/hadoop/hadoop-distcp/2.10.2/hadoop-distcp-2.10.2.jar:/home/kilmer/.m2/repository/org/apache/hadoop/hadoop-annotations/2.10.2/hadoop-annotations-2.10.2.jar:/home/kilmer/.m2/repository/org/apache/hadoop/hadoop-mapreduce-client-core/2.10.2/hadoop-mapreduce-client-core-2.10.2.jar:/home/kilmer/.m2/repository/org/apache/hadoop/hadoop-yarn-client/2.10.2/hadoop-yarn-client-2.10.2.jar:/home/kilmer/.m2/repository/org/apache/hadoop/hadoop-yarn-api/2.10.2/hadoop-yarn-api-2.10.2.jar:/home/kilmer/.m2/repository/org/apache/hadoop/hadoop-yarn-common/2.10.2/hadoop-yarn-common-2.10.2.jar:/home/kilmer/.m2/repository/javax/servlet/servlet-api/2.5/servlet-api-2.5.jar:/home/kilmer/.m2/repository/com/sun/jersey/jersey-core/1.9/jersey-core-1.9.jar:/home/kilmer/.m2/repository/com/sun/jersey/jersey-client/1.9/jersey-client-1.9.jar:/home/kilmer/.m2/repository/org/codehaus/jackson/jackson-jaxrs/1.9.13/jackson-jaxrs-1.9.13.jar:/home/kilmer/.m2/repository/org/codehaus/jackson/jackson-xc/1.9.13/jackson-xc-1.9.13.jar:/home/kilmer/.m2/repository/com/google/inject/guice/3.0/guice-3.0.jar:/home/kilmer/.m2/repository/javax/inject/javax.inject/1/javax.inject-1.jar:/home/kilmer/.m2/repository/aopalliance/aopalliance/1.0/aopalliance-1.0.jar:/home/kilmer/.m2/repository/com/sun/jersey/jersey-json/1.9/jersey-json-1.9.jar:/home/kilmer/.m2/repository/org/codehaus/jettison/jettison/1.1/jettison-1.1.jar:/home/kilmer/.m2/repository/com/sun/xml/bind/jaxb-impl/2.2.3-1/jaxb-impl-2.2.3-1.jar:/home/kilmer/.m2/repository/com/sun/jersey/contribs/jersey-guice/1.9/jersey-guice-1.9.jar:/home/kilmer/.m2/repository/com/google/inject/extensions/guice-servlet/3.0/guice-servlet-3.0.jar:/home/kilmer/.m2/repository/io/netty/netty/3.10.6.Final/netty-3.10.6.Final.jar:/home/kilmer/.m2/repository/org/apache/hadoop/hadoop-hdfs/2.10.2/hadoop-hdfs-2.10.2.jar:/home/kilmer/.m2/repository/org/apache/hadoop/hadoop-hdfs-client/2.10.2/hadoop-hdfs-client-2.10.2.jar:/home/kilmer/.m2/repository/com/squareup/okhttp/okhttp/2.7.5/okhttp-2.7.5.jar:/home/kilmer/.m2/repository/com/squareup/okio/okio/1.6.0/okio-1.6.0.jar:/home/kilmer/.m2/repository/org/mortbay/jetty/jetty/6.1.26/jetty-6.1.26.jar:/home/kilmer/.m2/repository/org/mortbay/jetty/jetty-util/6.1.26/jetty-util-6.1.26.jar:/home/kilmer/.m2/repository/com/sun/jersey/jersey-server/1.9/jersey-server-1.9.jar:/home/kilmer/.m2/repository/asm/asm/3.1/asm-3.1.jar:/home/kilmer/.m2/repository/commons-daemon/commons-daemon/1.0.13/commons-daemon-1.0.13.jar:/home/kilmer/.m2/repository/org/fusesource/leveldbjni/leveldbjni-all/1.8/leveldbjni-all-1.8.jar:/home/kilmer/.m2/repository/com/fasterxml/jackson/core/jackson-databind/2.9.10.7/jackson-databind-2.9.10.7.jar:/home/kilmer/.m2/repository/com/fasterxml/jackson/core/jackson-annotations/2.9.10/jackson-annotations-2.9.10.jar:/home/kilmer/.m2/repository/com/fasterxml/jackson/core/jackson-core/2.9.10/jackson-core-2.9.10.jar:"/>
    <property name="java.vm.vendor" value="Arch Linux"/>
    <property name="sun.arch.data.model" value="64"/>
    <property name="java.vendor.url" value="https://openjdk.org/"/>
    <property name="os.name" value="Linux"/>
    <property name="java.vm.specification.version" value="21"/>
    <property name="sun.java.launcher" value="SUN_STANDARD"/>
    <property name="user.country" value="US"/>
    <property name="sun.boot.library.path" value="/usr/lib/jvm/java-21-openjdk/lib"/>
    <property name="sun.java.command" value="/home/kilmer/Development/personal/hbase-project/java/target/surefire/surefirebooter-20241202220021434_3.jar /home/kilmer/Development/personal/hbase-project/java/target/surefire 2024-12-02T22-00-20_994-jvmRun1 surefire-20241202220021434_1tmp surefire_0-20241202220021434_2tmp"/>
    <property name="jdk.debug" value="release"/>
    <property name="surefire.test.class.path" value="/home/kilmer/Development/personal/hbase-project/java/target/test-classes:/home/kilmer/Development/personal/hbase-project/java/target/classes:/home/kilmer/.m2/repository/junit/junit/3.8.1/junit-3.8.1.jar:/home/kilmer/.m2/repository/org/apache/hbase/hbase-client/2.5.3/hbase-client-2.5.3.jar:/home/kilmer/.m2/repository/org/apache/hbase/thirdparty/hbase-shaded-protobuf/4.1.4/hbase-shaded-protobuf-4.1.4.jar:/home/kilmer/.m2/repository/org/apache/hbase/hbase-hadoop-compat/2.5.3/hbase-hadoop-compat-2.5.3.jar:/home/kilmer/.m2/repository/org/apache/hbase/hbase-hadoop2-compat/2.5.3/hbase-hadoop2-compat-2.5.3.jar:/home/kilmer/.m2/repository/javax/activation/javax.activation-api/1.2.0/javax.activation-api-1.2.0.jar:/home/kilmer/.m2/repository/org/apache/hbase/hbase-protocol-shaded/2.5.3/hbase-protocol-shaded-2.5.3.jar:/home/kilmer/.m2/repository/javax/annotation/javax.annotation-api/1.2/javax.annotation-api-1.2.jar:/home/kilmer/.m2/repository/org/apache/hbase/hbase-protocol/2.5.3/hbase-protocol-2.5.3.jar:/home/kilmer/.m2/repository/commons-codec/commons-codec/1.15/commons-codec-1.15.jar:/home/kilmer/.m2/repository/commons-io/commons-io/2.11.0/commons-io-2.11.0.jar:/home/kilmer/.m2/repository/org/apache/commons/commons-lang3/3.9/commons-lang3-3.9.jar:/home/kilmer/.m2/repository/org/slf4j/slf4j-api/1.7.33/slf4j-api-1.7.33.jar:/home/kilmer/.m2/repository/org/apache/hbase/thirdparty/hbase-shaded-miscellaneous/4.1.4/hbase-shaded-miscellaneous-4.1.4.jar:/home/kilmer/.m2/repository/com/google/errorprone/error_prone_annotations/2.18.0/error_prone_annotations-2.18.0.jar:/home/kilmer/.m2/repository/com/google/protobuf/protobuf-java/2.5.0/protobuf-java-2.5.0.jar:/home/kilmer/.m2/repository/org/apache/hbase/thirdparty/hbase-shaded-netty/4.1.4/hbase-shaded-netty-4.1.4.jar:/home/kilmer/.m2/repository/org/apache/zookeeper/zookeeper/3.5.7/zookeeper-3.5.7.jar:/home/kilmer/.m2/repository/org/apache/zookeeper/zookeeper-jute/3.5.7/zookeeper-jute-3.5.7.jar:/home/kilmer/.m2/repository/io/netty/netty-handler/4.1.45.Final/netty-handler-4.1.45.Final.jar:/home/kilmer/.m2/repository/io/netty/netty-common/4.1.45.Final/netty-common-4.1.45.Final.jar:/home/kilmer/.m2/repository/io/netty/netty-buffer/4.1.45.Final/netty-buffer-4.1.45.Final.jar:/home/kilmer/.m2/repository/io/netty/netty-transport/4.1.45.Final/netty-transport-4.1.45.Final.jar:/home/kilmer/.m2/repository/io/netty/netty-resolver/4.1.45.Final/netty-resolver-4.1.45.Final.jar:/home/kilmer/.m2/repository/io/netty/netty-codec/4.1.45.Final/netty-codec-4.1.45.Final.jar:/home/kilmer/.m2/repository/io/netty/netty-transport-native-epoll/4.1.45.Final/netty-transport-native-epoll-4.1.45.Final.jar:/home/kilmer/.m2/repository/io/netty/netty-transport-native-unix-common/4.1.45.Final/netty-transport-native-unix-common-4.1.45.Final.jar:/home/kilmer/.m2/repository/io/opentelemetry/opentelemetry-api/1.15.0/opentelemetry-api-1.15.0.jar:/home/kilmer/.m2/repository/io/opentelemetry/opentelemetry-context/1.15.0/opentelemetry-context-1.15.0.jar:/home/kilmer/.m2/repository/org/jruby/jcodings/jcodings/1.0.55/jcodings-1.0.55.jar:/home/kilmer/.m2/repository/org/jruby/joni/joni/2.1.31/joni-2.1.31.jar:/home/kilmer/.m2/repository/io/dropwizard/metrics/metrics-core/3.2.6/metrics-core-3.2.6.jar:/home/kilmer/.m2/repository/org/apache/commons/commons-crypto/1.1.0/commons-crypto-1.1.0.jar:/home/kilmer/.m2/repository/org/apache/yetus/audience-annotations/0.13.0/audience-annotations-0.13.0.jar:/home/kilmer/.m2/repository/org/apache/hadoop/hadoop-auth/2.10.2/hadoop-auth-2.10.2.jar:/home/kilmer/.m2/repository/org/apache/httpcomponents/httpclient/4.5.13/httpclient-4.5.13.jar:/home/kilmer/.m2/repository/org/apache/httpcomponents/httpcore/4.4.13/httpcore-4.4.13.jar:/home/kilmer/.m2/repository/com/nimbusds/nimbus-jose-jwt/7.9/nimbus-jose-jwt-7.9.jar:/home/kilmer/.m2/repository/com/github/stephenc/jcip/jcip-annotations/1.0-1/jcip-annotations-1.0-1.jar:/home/kilmer/.m2/repository/org/apache/directory/server/apacheds-kerberos-codec/2.0.0-M15/apacheds-kerberos-codec-2.0.0-M15.jar:/home/kilmer/.m2/repository/org/apache/directory/server/apacheds-i18n/2.0.0-M15/apacheds-i18n-2.0.0-M15.jar:/home/kilmer/.m2/repository/org/apache/directory/api/api-asn1-api/1.0.0-M20/api-asn1-api-1.0.0-M20.jar:/home/kilmer/.m2/repository/org/apache/directory/api/api-util/1.0.0-M20/api-util-1.0.0-M20.jar:/home/kilmer/.m2/repository/org/apache/curator/curator-framework/2.13.0/curator-framework-2.13.0.jar:/home/kilmer/.m2/repository/org/apache/hadoop/hadoop-common/2.10.2/hadoop-common-2.10.2.jar:/home/kilmer/.m2/repository/com/google/guava/guava/11.0.2/guava-11.0.2.jar:/home/kilmer/.m2/repository/commons-cli/commons-cli/1.2/commons-cli-1.2.jar:/home/kilmer/.m2/repository/xmlenc/xmlenc/0.52/xmlenc-0.52.jar:/home/kilmer/.m2/repository/commons-net/commons-net/3.1/commons-net-3.1.jar:/home/kilmer/.m2/repository/commons-collections/commons-collections/3.2.2/commons-collections-3.2.2.jar:/home/kilmer/.m2/repository/org/mortbay/jetty/jetty-sslengine/6.1.26/jetty-sslengine-6.1.26.jar:/home/kilmer/.m2/repository/commons-logging/commons-logging/1.1.3/commons-logging-1.1.3.jar:/home/kilmer/.m2/repository/ch/qos/reload4j/reload4j/1.2.18.3/reload4j-1.2.18.3.jar:/home/kilmer/.m2/repository/commons-lang/commons-lang/2.6/commons-lang-2.6.jar:/home/kilmer/.m2/repository/commons-configuration/commons-configuration/1.6/commons-configuration-1.6.jar:/home/kilmer/.m2/repository/commons-digester/commons-digester/1.8/commons-digester-1.8.jar:/home/kilmer/.m2/repository/commons-beanutils/commons-beanutils/1.9.4/commons-beanutils-1.9.4.jar:/home/kilmer/.m2/repository/org/slf4j/slf4j-reload4j/1.7.36/slf4j-reload4j-1.7.36.jar:/home/kilmer/.m2/repository/org/codehaus/jackson/jackson-core-asl/1.9.13/jackson-core-asl-1.9.13.jar:/home/kilmer/.m2/repository/org/codehaus/jackson/jackson-mapper-asl/1.9.13/jackson-mapper-asl-1.9.13.jar:/home/kilmer/.m2/repository/org/apache/avro/avro/1.7.7/avro-1.7.7.jar:/home/kilmer/.m2/repository/com/thoughtworks/paranamer/paranamer/2.3/paranamer-2.3.jar:/home/kilmer/.m2/repository/org/xerial/snappy/snappy-java/1.0.5/snappy-java-1.0.5.jar:/home/kilmer/.m2/repository/com/google/code/gson/gson/2.2.4/gson-2.2.4.jar:/home/kilmer/.m2/repository/com/jcraft/jsch/0.1.55/jsch-0.1.55.jar:/home/kilmer/.m2/repository/org/apache/curator/curator-client/2.13.0/curator-client-2.13.0.jar:/home/kilmer/.m2/repository/org/apache/curator/curator-recipes/2.13.0/curator-recipes-2.13.0.jar:/home/kilmer/.m2/repository/com/google/code/findbugs/jsr305/3.0.2/jsr305-3.0.2.jar:/home/kilmer/.m2/repository/org/apache/htrace/htrace-core4/4.1.0-incubating/htrace-core4-4.1.0-incubating.jar:/home/kilmer/.m2/repository/org/apache/commons/commons-compress/1.21/commons-compress-1.21.jar:/home/kilmer/.m2/repository/org/codehaus/woodstox/stax2-api/4.2.1/stax2-api-4.2.1.jar:/home/kilmer/.m2/repository/com/fasterxml/woodstox/woodstox-core/5.3.0/woodstox-core-5.3.0.jar:/home/kilmer/.m2/repository/org/apache/hbase/hbase-common/2.5.3/hbase-common-2.5.3.jar:/home/kilmer/.m2/repository/org/apache/hbase/hbase-logging/2.5.3/hbase-logging-2.5.3.jar:/home/kilmer/.m2/repository/org/apache/hbase/thirdparty/hbase-shaded-gson/4.1.4/hbase-shaded-gson-4.1.4.jar:/home/kilmer/.m2/repository/org/apache/hbase/thirdparty/hbase-unsafe/4.1.4/hbase-unsafe-4.1.4.jar:/home/kilmer/.m2/repository/io/opentelemetry/opentelemetry-semconv/1.15.0-alpha/opentelemetry-semconv-1.15.0-alpha.jar:/home/kilmer/.m2/repository/org/apache/hbase/hbase-server/2.5.3/hbase-server-2.5.3.jar:/home/kilmer/.m2/repository/org/apache/hbase/hbase-http/2.5.3/hbase-http-2.5.3.jar:/home/kilmer/.m2/repository/org/apache/hbase/thirdparty/hbase-shaded-jetty/4.1.4/hbase-shaded-jetty-4.1.4.jar:/home/kilmer/.m2/repository/org/apache/hbase/thirdparty/hbase-shaded-jersey/4.1.4/hbase-shaded-jersey-4.1.4.jar:/home/kilmer/.m2/repository/jakarta/annotation/jakarta.annotation-api/1.3.5/jakarta.annotation-api-1.3.5.jar:/home/kilmer/.m2/repository/jakarta/validation/jakarta.validation-api/2.0.2/jakarta.validation-api-2.0.2.jar:/home/kilmer/.m2/repository/org/glassfish/hk2/external/jakarta.inject/2.6.1/jakarta.inject-2.6.1.jar:/home/kilmer/.m2/repository/org/javassist/javassist/3.25.0-GA/javassist-3.25.0-GA.jar:/home/kilmer/.m2/repository/javax/ws/rs/javax.ws.rs-api/2.1.1/javax.ws.rs-api-2.1.1.jar:/home/kilmer/.m2/repository/javax/xml/bind/jaxb-api/2.3.1/jaxb-api-2.3.1.jar:/home/kilmer/.m2/repository/org/apache/hbase/hbase-procedure/2.5.3/hbase-procedure-2.5.3.jar:/home/kilmer/.m2/repository/org/apache/hbase/hbase-zookeeper/2.5.3/hbase-zookeeper-2.5.3.jar:/home/kilmer/.m2/repository/org/apache/hbase/hbase-replication/2.5.3/hbase-replication-2.5.3.jar:/home/kilmer/.m2/repository/org/apache/hbase/hbase-metrics-api/2.5.3/hbase-metrics-api-2.5.3.jar:/home/kilmer/.m2/repository/org/apache/hbase/hbase-metrics/2.5.3/hbase-metrics-2.5.3.jar:/home/kilmer/.m2/repository/org/apache/hbase/hbase-asyncfs/2.5.3/hbase-asyncfs-2.5.3.jar:/home/kilmer/.m2/repository/org/glassfish/web/javax.servlet.jsp/2.3.2/javax.servlet.jsp-2.3.2.jar:/home/kilmer/.m2/repository/org/glassfish/javax.el/3.0.1-b12/javax.el-3.0.1-b12.jar:/home/kilmer/.m2/repository/javax/servlet/jsp/javax.servlet.jsp-api/2.3.1/javax.servlet.jsp-api-2.3.1.jar:/home/kilmer/.m2/repository/com/github/ben-manes/caffeine/caffeine/2.8.1/caffeine-2.8.1.jar:/home/kilmer/.m2/repository/org/checkerframework/checker-qual/3.1.0/checker-qual-3.1.0.jar:/home/kilmer/.m2/repository/org/agrona/agrona/1.12.0/agrona-1.12.0.jar:/home/kilmer/.m2/repository/org/apache/commons/commons-math3/3.6.1/commons-math3-3.6.1.jar:/home/kilmer/.m2/repository/org/jamon/jamon-runtime/2.4.1/jamon-runtime-2.4.1.jar:/home/kilmer/.m2/repository/javax/servlet/javax.servlet-api/3.1.0/javax.servlet-api-3.1.0.jar:/home/kilmer/.m2/repository/com/lmax/disruptor/3.4.2/disruptor-3.4.2.jar:/home/kilmer/.m2/repository/org/apache/hadoop/hadoop-distcp/2.10.2/hadoop-distcp-2.10.2.jar:/home/kilmer/.m2/repository/org/apache/hadoop/hadoop-annotations/2.10.2/hadoop-annotations-2.10.2.jar:/home/kilmer/.m2/repository/org/apache/hadoop/hadoop-mapreduce-client-core/2.10.2/hadoop-mapreduce-client-core-2.10.2.jar:/home/kilmer/.m2/repository/org/apache/hadoop/hadoop-yarn-client/2.10.2/hadoop-yarn-client-2.10.2.jar:/home/kilmer/.m2/repository/org/apache/hadoop/hadoop-yarn-api/2.10.2/hadoop-yarn-api-2.10.2.jar:/home/kilmer/.m2/repository/org/apache/hadoop/hadoop-yarn-common/2.10.2/hadoop-yarn-common-2.10.2.jar:/home/kilmer/.m2/repository/javax/servlet/servlet-api/2.5/servlet-api-2.5.jar:/home/kilmer/.m2/repository/com/sun/jersey/jersey-core/1.9/jersey-core-1.9.jar:/home/kilmer/.m2/repository/com/sun/jersey/jersey-client/1.9/jersey-client-1.9.jar:/home/kilmer/.m2/repository/org/codehaus/jackson/jackson-jaxrs/1.9.13/jackson-jaxrs-1.9.13.jar:/home/kilmer/.m2/repository/org/codehaus/jackson/jackson-xc/1.9.13/jackson-xc-1.9.13.jar:/home/kilmer/.m2/repository/com/google/inject/guice/3.0/guice-3.0.jar:/home/kilmer/.m2/repository/javax/inject/javax.inject/1/javax.inject-1.jar:/home/kilmer/.m2/repository/aopalliance/aopalliance/1.0/aopalliance-1.0.jar:/home/kilmer/.m2/repository/com/sun/jersey/jersey-json/1.9/jersey-json-1.9.jar:/home/kilmer/.m2/repository/org/codehaus/jettison/jettison/1.1/jettison-1.1.jar:/home/kilmer/.m2/repository/com/sun/xml/bind/jaxb-impl/2.2.3-1/jaxb-impl-2.2.3-1.jar:/home/kilmer/.m2/repository/com/sun/jersey/contribs/jersey-guice/1.9/jersey-guice-1.9.jar:/home/kilmer/.m2/repository/com/google/inject/extensions/guice-servlet/3.0/guice-servlet-3.0.jar:/home/kilmer/.m2/repository/io/netty/netty/3.10.6.Final/netty-3.10.6.Final.jar:/home/kilmer/.m2/repository/org/apache/hadoop/hadoop-hdfs/2.10.2/hadoop-hdfs-2.10.2.jar:/home/kilmer/.m2/repository/org/apache/hadoop/hadoop-hdfs-client/2.10.2/hadoop-hdfs-client-2.10.2.jar:/home/kilmer/.m2/repository/com/squareup/okhttp/okhttp/2.7.5/okhttp-2.7.5.jar:/home/kilmer/.m2/repository/com/squareup/okio/okio/1.6.0/okio-1.6.0.jar:/home/kilmer/.m2/repository/org/mortbay/jetty/jetty/6.1.26/jetty-6.1.26.jar:/home/kilmer/.m2/repository/org/mortbay/jetty/jetty-util/6.1.26/jetty-util-6.1.26.jar:/home/kilmer/.m2/repository/com/sun/jersey/jersey-server/1.9/jersey-server-1.9.jar:/home/kilmer/.m2/repository/asm/asm/3.1/asm-3.1.jar:/home/kilmer/.m2/repository/commons-daemon/commons-daemon/1.0.13/commons-daemon-1.0.13.jar:/home/kilmer/.m2/repository/org/fusesource/leveldbjni/leveldbjni-all/1.8/leveldbjni-all-1.8.jar:/home/kilmer/.m2/repository/com/fasterxml/jackson/core/jackson-databind/2.9.10.7/jackson-databind-2.9.10.7.jar:/home/kilmer/.m2/repository/com/fasterxml/jackson/core/jackson-annotations/2.9.10/jackson-annotations-2.9.10.jar:/home/kilmer/.m2/repository/com/fasterxml/jackson/core/jackson-core/2.9.10/jackson-core-2.9.10.jar:"/>
    <property name="sun.cpu.endian" value="little"/>
    <property name="user.home" value="/home/kilmer"/>
    <property name="user.language" value="en"/>
    <property name="java.specification.vendor" value="Oracle Corporation"/>
    <property name="java.version.date" value="2024-10-15"/>
    <property name="java.home" value="/usr/lib/jvm/java-21-openjdk"/>
    <property name="file.separator" value="/"/>
    <property name="basedir" value="/home/kilmer/Development/personal/hbase-project/java"/>
    <property name="java.vm.compressedOopsMode" value="Zero based"/>
    <property name="line.separator" value="&#10;"/>
    <property name="java.specification.name" value="Java Platform API Specification"/>
    <property name="java.vm.specification.vendor" value="Oracle Corporation"/>
    <property name="surefire.real.class.path" value="/home/kilmer/Development/personal/hbase-project/java/target/surefire/surefirebooter-20241202220021434_3.jar"/>
    <property name="sun.management.compiler" value="HotSpot 64-Bit Tiered Compilers"/>
    <property name="java.runtime.version" value="21.0.5+11"/>
    <property name="user.name" value="kilmer"/>
    <property name="stdout.encoding" value="UTF-8"/>
    <property name="path.separator" value=":"/>
    <property name="os.version" value="6.6.62-1-lts"/>
    <property name="java.runtime.name" value="OpenJDK Runtime Environment"/>
    <property name="file.encoding" value="UTF-8"/>
    <property name="java.vm.name" value="OpenJDK 64-Bit Server VM"/>
    <property name="localRepository" value="/home/kilmer/.m2/repository"/>
    <property name="java.vendor.url.bug" value="https://bugreport.java.com/bugreport/"/>
    <property name="java.io.tmpdir" value="/tmp"/>
    <property name="java.version" value="21.0.5"/>
    <property name="user.dir" value="/home/kilmer/Development/personal/hbase-project/java"/>
    <property name="os.arch" value="amd64"/>
    <property name="java.vm.specification.name" value="Java Virtual Machine Specification"/>
    <property name="native.encoding" value="UTF-8"/>
    <property name="java.library.path" value="/usr/java/packages/lib:/usr/lib64:/lib64:/lib:/usr/lib"/>
    <property name="java.vm.info" value="mixed mode, sharing"/>
    <property name="stderr.encoding" value="UTF-8"/>
    <property name="java.vendor" value="Arch Linux"/>
    <property name="java.vm.version" value="21.0.5+11"/>
    <property name="sun.io.unicode.encoding" value="UnicodeLittle"/>
    <property name="java.class.version" value="65.0"/>
  </properties>
  <testcase name="testApp" classname="com.hiveapi.AppTest" time="0.003"/>
</testsuite>